{
  "stats": {
    "suites": 1,
    "tests": 1,
    "passes": 1,
    "pending": 0,
    "failures": 0,
    "start": "2024-06-24T11:41:30.967Z",
    "end": "2024-06-24T11:41:36.589Z",
    "duration": 5622,
    "testsRegistered": 1,
    "passPercent": 100,
    "pendingPercent": 0,
    "other": 0,
    "hasOther": false,
    "skipped": 0,
    "hasSkipped": false
  },
  "results": [
    {
      "uuid": "e7367bbd-b0a7-42bb-a8a6-1096b8e2c7f9",
      "title": "",
      "fullFile": "cypress/e2e/Alerts.cy.js",
      "file": "cypress/e2e/Alerts.cy.js",
      "beforeHooks": [],
      "afterHooks": [],
      "tests": [],
      "suites": [
        {
          "uuid": "fe1a069f-a6fd-4246-b0ce-7f943760eb0e",
          "title": "Alerts",
          "fullFile": "",
          "file": "",
          "beforeHooks": [],
          "afterHooks": [],
          "tests": [
            {
              "title": "Authenticated Alert",
              "fullTitle": "Alerts Authenticated Alert",
              "timedOut": null,
              "duration": 2470,
              "state": "passed",
              "speed": "fast",
              "pass": true,
              "fail": false,
              "pending": false,
              "context": null,
              "code": "//approach 2\ncy.visit(\"https://admin:admin@the-internet.herokuapp.com/basic_auth\");",
              "err": {},
              "uuid": "fd9692eb-28f8-4687-92cb-cdc2009eee3e",
              "parentUUID": "fe1a069f-a6fd-4246-b0ce-7f943760eb0e",
              "isHook": false,
              "skipped": false
            }
          ],
          "suites": [],
          "passes": [
            "fd9692eb-28f8-4687-92cb-cdc2009eee3e"
          ],
          "failures": [],
          "pending": [],
          "skipped": [],
          "duration": 2470,
          "root": false,
          "rootEmpty": false,
          "_timeout": 2000
        }
      ],
      "passes": [],
      "failures": [],
      "pending": [],
      "skipped": [],
      "duration": 0,
      "root": true,
      "rootEmpty": true,
      "_timeout": 2000
    }
  ],
  "meta": {
    "mocha": {
      "version": "7.0.1"
    },
    "mochawesome": {
      "options": {
        "quiet": false,
        "reportFilename": "mochawesome",
        "saveHtml": false,
        "saveJson": true,
        "consoleReporter": "spec",
        "useInlineDiffs": false,
        "code": true
      },
      "version": "7.1.3"
    },
    "marge": {
      "options": {
        "overwrite": false,
        "html": false,
        "json": true,
        "reportDir": "cypress/reports/html/.jsons"
      },
      "version": "6.2.0"
    }
  }
}