{
  "stats": {
    "suites": 1,
    "tests": 2,
    "passes": 1,
    "pending": 0,
    "failures": 1,
    "start": "2024-06-24T11:41:38.557Z",
    "end": "2024-06-24T11:41:58.156Z",
    "duration": 19599,
    "testsRegistered": 2,
    "passPercent": 50,
    "pendingPercent": 0,
    "other": 0,
    "hasOther": false,
    "skipped": 0,
    "hasSkipped": false
  },
  "results": [
    {
      "uuid": "9a254e8b-58e1-4a4c-accb-ef01122654a6",
      "title": "",
      "fullFile": "cypress/e2e/Assertions.cy.js",
      "file": "cypress/e2e/Assertions.cy.js",
      "beforeHooks": [],
      "afterHooks": [],
      "tests": [],
      "suites": [
        {
          "uuid": "7492d8e9-a881-4920-ac7b-d534f5ca3300",
          "title": "Assertion demo",
          "fullFile": "",
          "file": "",
          "beforeHooks": [],
          "afterHooks": [],
          "tests": [
            {
              "title": "Implicit assertion",
              "fullTitle": "Assertion demo Implicit assertion",
              "timedOut": null,
              "duration": 7534,
              "state": "failed",
              "speed": null,
              "pass": false,
              "fail": true,
              "pending": false,
              "context": "{\n  \"title\": \"cypress-mochawesome-reporter-screenshots\",\n  \"value\": [\n    [\n      \"/Assertions.cy.js/Assertion demo -- Implicit assertion (failed).png\"\n    ]\n  ]\n}",
              "code": "cy.visit(\"http://localhost:5173/booking\");\n//should\n// cy.url().should('include','localhost:5173')\n//cy.url().should('eq','http://localhost:5173/booking')\n//cy.url().should('contain','booking')\n//can avaoid multiple times can do in one line\n//cy.url().should('include','localhost:5173')\n//.should('eq','http://localhost:5173/booking')\n//.should('contain','booking')\n// instaed of multiple should use and\ncy.url().should('include', 'localhost:5173').and('eq', 'http://localhost:5173/booking').and('not.contain', 'home'); //negative asset by using not\n//capture title, assertion on title\ncy.title().should('include', 'Eye OP');\n//assertion on element\ncy.get('[d=\"M28.9502 19.3105L28.895 19.2547C27.4587 17.3569 26.6301 15.1242 26.4644 12.7798V12.8356V30.5859C26.4644 31.9255 27.5139 32.9861 28.8397 32.9861C30.1655 32.9861 31.2151 31.9255 31.2151 30.5859V21.4316C30.4417 20.8735 29.6683 20.1478 28.9502 19.3105Z\"]').should('be.visible').and('exist');\ncy.get('[d=\"M46.3977 3.51656C43.9119 1.17219 41.1498 0 38.1116 0C35.681 0 33.4161 0.781458 31.3722 2.17692C28.0577 4.74457 26.3452 8.03786 26.3452 11.8893C26.3452 12.1684 26.3452 12.4475 26.4005 12.7266C26.4557 11.4428 27.5053 10.3822 28.7758 10.3822C30.1016 10.3822 31.1512 11.4428 31.1512 12.7824V21.3785C33.1951 22.9414 35.4047 23.7228 37.6696 23.7228H38.3325C40.1555 23.667 41.9784 23.2205 43.5804 22.3274H43.6357C47.7787 19.8156 49.8779 16.299 49.8779 11.8335C49.9331 8.81932 48.7178 5.97258 46.3977 3.51656ZM45.1272 12.0568C45.1272 12.9499 44.9614 13.843 44.63 14.6244C43.1385 17.527 41.0946 18.9225 38.3878 18.9225H37.8906C36.8962 18.9225 35.9019 18.6992 35.0181 18.1968C32.4217 16.6897 31.1512 14.6803 31.1512 12.001V11.6102C31.1512 10.8846 31.2617 10.2148 31.4826 9.54496C32.9189 6.36331 35.0181 4.80039 38.0563 4.80039C39.4926 4.80039 40.8736 5.19112 42.0337 6.02839C44.0776 7.59131 45.0719 9.3775 45.0719 11.6102V12.0568H45.1272Z\"]').should('exist').and('be.visible');\n//to check the number of link avaialable\n//cy.xpath(\"//a\").should('have.length','5') //Nos of links\n//verify that value is correct or not\n//cy.get(\"input[placeholder='Username']\").type('Admin')\n//cy.get(\"input[placeholder='Username']\").shoukd('have.value','Admin')\ncy.get('.css-1i43dhb > :nth-child(2)').click();\ncy.get('.css-1i43dhb > :nth-child(1)').click();\ncy.get('.MuiSelect-select').click();\ncy.get('[data-value=\"laser_eye_surgery\"]').click();\ncy.get('.MuiButton-containedPrimary').click();\ncy.get('.MuiSelect-select').click();\ncy.get('[data-value=\"malik_patel\"]').click();\ncy.get('.MuiButton-containedPrimary').click();",
              "err": {
                "message": "AssertionError: Timed out retrying after 4000ms: Expected to find element: `[d=\"M28.9502 19.3105L28.895 19.2547C27.4587 17.3569 26.6301 15.1242 26.4644 12.7798V12.8356V30.5859C26.4644 31.9255 27.5139 32.9861 28.8397 32.9861C30.1655 32.9861 31.2151 31.9255 31.2151 30.5859V21.4316C30.4417 20.8735 29.6683 20.1478 28.9502 19.3105Z\"]`, but never found it.",
                "estack": "AssertionError: Timed out retrying after 4000ms: Expected to find element: `[d=\"M28.9502 19.3105L28.895 19.2547C27.4587 17.3569 26.6301 15.1242 26.4644 12.7798V12.8356V30.5859C26.4644 31.9255 27.5139 32.9861 28.8397 32.9861C30.1655 32.9861 31.2151 31.9255 31.2151 30.5859V21.4316C30.4417 20.8735 29.6683 20.1478 28.9502 19.3105Z\"]`, but never found it.\n    at Context.eval (webpack://cypressautomation/./cypress/e2e/Assertions.cy.js:24:273)",
                "diff": null
              },
              "uuid": "7a49351a-7ece-495c-9dcd-4a4a013e88b9",
              "parentUUID": "7492d8e9-a881-4920-ac7b-d534f5ca3300",
              "isHook": false,
              "skipped": false
            },
            {
              "title": "Explicit Assertion",
              "fullTitle": "Assertion demo Explicit Assertion",
              "timedOut": null,
              "duration": 6468,
              "state": "passed",
              "speed": "medium",
              "pass": true,
              "fail": false,
              "pending": false,
              "context": null,
              "code": "cy.visit(\"https://dev-ui.mylanguageplug.com/en/home\");\ncy.contains('Login').click();\ncy.get('#email').type('anviwaje1312@gmail.com');\ncy.get('#password').type('Anvi@123');\ncy.get('.mui-e30vg4 > .MuiButton-contained').click();\nlet exp_name = 'Anvi Waje';\ncy.get(\"div[class='MuiBox-root mui-17eyn3a'] div[class='MuiBox-root mui-1xoix2e'] h5[class='MuiTypography-root MuiTypography-h5 mui-13q1t36']\").then(x => {\n  // cy.get(\"document.querySelector(div[class='MuiBox-root mui-17eyn3a'] div[class='MuiBox-root mui-1xoix2e'] h5[class='MuiTypography-root MuiTypography-h5 mui-13q1t36'])\").then((x)=>{\n  let actname = x.text();\n  expect(actname).to.eq(exp_name); //explicit assertion in BDD approach\n  assert.equal(actname, exp_name); // TDD approach\n});",
              "err": {},
              "uuid": "df4cf28a-913c-49f7-8fec-f9ce76e172f5",
              "parentUUID": "7492d8e9-a881-4920-ac7b-d534f5ca3300",
              "isHook": false,
              "skipped": false
            }
          ],
          "suites": [],
          "passes": [
            "df4cf28a-913c-49f7-8fec-f9ce76e172f5"
          ],
          "failures": [
            "7a49351a-7ece-495c-9dcd-4a4a013e88b9"
          ],
          "pending": [],
          "skipped": [],
          "duration": 14002,
          "root": false,
          "rootEmpty": false,
          "_timeout": 2000
        }
      ],
      "passes": [],
      "failures": [],
      "pending": [],
      "skipped": [],
      "duration": 0,
      "root": true,
      "rootEmpty": true,
      "_timeout": 2000
    }
  ],
  "meta": {
    "mocha": {
      "version": "7.0.1"
    },
    "mochawesome": {
      "options": {
        "quiet": false,
        "reportFilename": "mochawesome",
        "saveHtml": false,
        "saveJson": true,
        "consoleReporter": "spec",
        "useInlineDiffs": false,
        "code": true
      },
      "version": "7.1.3"
    },
    "marge": {
      "options": {
        "overwrite": false,
        "html": false,
        "json": true,
        "reportDir": "cypress/reports/html/.jsons"
      },
      "version": "6.2.0"
    }
  }
}